<?xml version="1.0" encoding="UTF-8"?>
<testng-results skipped="0" failed="0" total="2" passed="2">
  <reporter-output>
  </reporter-output>
  <suite name="Default suite" duration-ms="52" started-at="2016-07-06T11:54:30Z" finished-at="2016-07-06T11:54:30Z">
    <groups>
    </groups>
    <test name="Default test" duration-ms="52" started-at="2016-07-06T11:54:30Z" finished-at="2016-07-06T11:54:30Z">
      <class name="testNg.Dependency">
        <test-method status="PASS" signature="Open()[pri:0, instance:testNg.Dependency@337d0578]" name="Open" duration-ms="19" started-at="2016-07-06T17:24:30Z" finished-at="2016-07-06T17:24:30Z">
          <reporter-output>
          </reporter-output>
        </test-method> <!-- Open -->
        <test-method status="PASS" signature="flight()[pri:0, instance:testNg.Dependency@337d0578]" name="flight" duration-ms="2" started-at="2016-07-06T17:24:30Z" finished-at="2016-07-06T17:24:30Z">
          <reporter-output>
          </reporter-output>
        </test-method> <!-- flight -->
      </class> <!-- testNg.Dependency -->
    </test> <!-- Default test -->
  </suite> <!-- Default suite -->
</testng-results>
