<?xml version="1.0" encoding="UTF-8"?>
<testng-results skipped="0" failed="0" total="1" passed="1">
  <reporter-output>
  </reporter-output>
  <suite name="Suite" duration-ms="23941" started-at="2016-07-11T17:33:14Z" finished-at="2016-07-11T17:33:38Z">
    <groups>
    </groups>
    <test name="Test" duration-ms="23941" started-at="2016-07-11T17:33:14Z" finished-at="2016-07-11T17:33:38Z">
      <class name="com.virgin.bo.common.Login">
        <test-method status="PASS" signature="login()[pri:0, instance:com.virgin.bo.common.Login@7f9a81e8]" name="login" duration-ms="23918" started-at="2016-07-11T23:03:14Z" finished-at="2016-07-11T23:03:38Z">
          <reporter-output>
          </reporter-output>
        </test-method> <!-- login -->
      </class> <!-- com.virgin.bo.common.Login -->
    </test> <!-- Test -->
  </suite> <!-- Suite -->
</testng-results>
