<?xml version="1.0" encoding="UTF-8"?>
<testng-results skipped="0" failed="1" total="3" passed="2">
  <reporter-output>
  </reporter-output>
  <suite name="Default suite" duration-ms="5658" started-at="2016-09-17T17:58:42Z" finished-at="2016-09-17T17:58:48Z">
    <groups>
      <group name="sanity">
        <method signature="LoginTestCase.Login(java.lang.String, java.lang.String)[pri:0, instance:testcases.LoginTestCase@574b560f]" name="Login" class="testcases.LoginTestCase"/>
      </group> <!-- sanity -->
    </groups>
    <test name="Default test" duration-ms="5658" started-at="2016-09-17T17:58:42Z" finished-at="2016-09-17T17:58:48Z">
      <class name="testcases.LoginTestCase">
        <test-method status="PASS" signature="setup()[pri:0, instance:testcases.LoginTestCase@574b560f]" name="setup" is-config="true" duration-ms="12780" started-at="2016-09-17T23:28:29Z" finished-at="2016-09-17T23:28:42Z">
          <reporter-output>
          </reporter-output>
        </test-method> <!-- setup -->
        <test-method status="PASS" signature="Login(java.lang.String, java.lang.String)[pri:0, instance:testcases.LoginTestCase@574b560f]" name="Login" duration-ms="1790" started-at="2016-09-17T23:28:42Z" data-provider="getData" finished-at="2016-09-17T23:28:44Z">
          <params>
            <param index="0">
              <value>
                <![CDATA[test@backoffice.com]]>
              </value>
            </param>
            <param index="1">
              <value>
                <![CDATA[testing]]>
              </value>
            </param>
          </params>
          <reporter-output>
          </reporter-output>
        </test-method> <!-- Login -->
        <test-method status="PASS" signature="Login(java.lang.String, java.lang.String)[pri:0, instance:testcases.LoginTestCase@574b560f]" name="Login" duration-ms="1329" started-at="2016-09-17T23:28:44Z" data-provider="getData" finished-at="2016-09-17T23:28:45Z">
          <params>
            <param index="0">
              <value>
                <![CDATA[test@backoffice.com]]>
              </value>
            </param>
            <param index="1">
              <value>
                <![CDATA[gfgdsfg]]>
              </value>
            </param>
          </params>
          <reporter-output>
          </reporter-output>
        </test-method> <!-- Login -->
        <test-method status="FAIL" signature="Login(java.lang.String, java.lang.String)[pri:0, instance:testcases.LoginTestCase@574b560f]" name="Login" duration-ms="2484" started-at="2016-09-17T23:28:45Z" data-provider="getData" finished-at="2016-09-17T23:28:47Z">
          <params>
            <param index="0">
              <value>
                <![CDATA[test@backoffice.com]]>
              </value>
            </param>
            <param index="1">
              <value>
                <![CDATA[testing]]>
              </value>
            </param>
          </params>
          <exception class="java.lang.NullPointerException">
            <full-stacktrace>
              <![CDATA[java.lang.NullPointerException
	at testcases.LoginTestCase.Login(LoginTestCase.java:19)
	at sun.reflect.NativeMethodAccessorImpl.invoke0(Native Method)
	at sun.reflect.NativeMethodAccessorImpl.invoke(NativeMethodAccessorImpl.java:62)
	at sun.reflect.DelegatingMethodAccessorImpl.invoke(DelegatingMethodAccessorImpl.java:43)
	at java.lang.reflect.Method.invoke(Method.java:497)
	at org.testng.internal.MethodInvocationHelper.invokeMethod(MethodInvocationHelper.java:85)
	at org.testng.internal.Invoker.invokeMethod(Invoker.java:639)
	at org.testng.internal.Invoker.invokeTestMethod(Invoker.java:816)
	at org.testng.internal.Invoker.invokeTestMethods(Invoker.java:1124)
	at org.testng.internal.TestMethodWorker.invokeTestMethods(TestMethodWorker.java:125)
	at org.testng.internal.TestMethodWorker.run(TestMethodWorker.java:108)
	at org.testng.TestRunner.privateRun(TestRunner.java:774)
	at org.testng.TestRunner.run(TestRunner.java:624)
	at org.testng.SuiteRunner.runTest(SuiteRunner.java:359)
	at org.testng.SuiteRunner.runSequentially(SuiteRunner.java:354)
	at org.testng.SuiteRunner.privateRun(SuiteRunner.java:312)
	at org.testng.SuiteRunner.run(SuiteRunner.java:261)
	at org.testng.SuiteRunnerWorker.runSuite(SuiteRunnerWorker.java:52)
	at org.testng.SuiteRunnerWorker.run(SuiteRunnerWorker.java:86)
	at org.testng.TestNG.runSuitesSequentially(TestNG.java:1215)
	at org.testng.TestNG.runSuitesLocally(TestNG.java:1140)
	at org.testng.TestNG.run(TestNG.java:1048)
	at org.testng.remote.AbstractRemoteTestNG.run(AbstractRemoteTestNG.java:126)
	at org.testng.remote.RemoteTestNG.initAndRun(RemoteTestNG.java:152)
	at org.testng.remote.RemoteTestNG.main(RemoteTestNG.java:57)
]]>
            </full-stacktrace>
          </exception> <!-- java.lang.NullPointerException -->
          <reporter-output>
          </reporter-output>
        </test-method> <!-- Login -->
        <test-method status="PASS" signature="teardown()[pri:0, instance:testcases.LoginTestCase@574b560f]" name="teardown" is-config="true" duration-ms="2941" started-at="2016-09-17T23:28:48Z" finished-at="2016-09-17T23:28:50Z">
          <reporter-output>
          </reporter-output>
        </test-method> <!-- teardown -->
      </class> <!-- testcases.LoginTestCase -->
    </test> <!-- Default test -->
  </suite> <!-- Default suite -->
</testng-results>
