<?xml version="1.0" encoding="UTF-8"?>
<!-- Generated by org.testng.reporters.JUnitXMLReporter -->
<testsuite hostname="DMIL0154" tests="0" failures="0" timestamp="17 Sep 2016 15:26:36 GMT" time="0.005" errors="0">
  <testcase name="@BeforeSuite setup" time="0.0" classname="base.TestBase">
    <failure type="org.testng.TestNGException" message="
Method setup requires 1 parameters but 0 were supplied in the @Configuration annotation.">
      <![CDATA[org.testng.TestNGException: 
Method setup requires 1 parameters but 0 were supplied in the @Configuration annotation.
... Removed 16 stack frames]]>
    </failure>
  </testcase> <!-- @BeforeSuite setup -->
</testsuite>
